[07-Nov-2025 16:30:14 UTC] Products fetched: Array
(
    [0] => Array
        (
            [product_id] => 4
            [product_cat] => 2
            [product_brand] => 3
            [product_title] => Dolor duis aut autem
            [product_price] => 534
            [product_desc] => Numquam eaque dolori
            [product_image] => uploads/products/product_1762455638.jpeg
            [product_keywords] => Qui quas consectetur
            [cat_name] => Ruby necklace
            [brand_name] => Gold
        )

    [1] => Array
        (
            [product_id] => 3
            [product_cat] => 3
            [product_brand] => 1
            [product_title] => Quisquam dolorem vol
            [product_price] => 504
            [product_desc] => Non esse laboris cu
            [product_image] => uploads/products/product_1762455622.jpeg
            [product_keywords] => Cillum mollitia offi
            [cat_name] => Patricia Bridges
            [brand_name] => Silver
        )

)

[07-Nov-2025 16:30:14 UTC] Categories fetched: Array
(
    [0] => Array
        (
            [id] => 4
            [name] => butterfly necklace
            [user_id] => 5
        )

    [1] => Array
        (
            [id] => 3
            [name] => Patricia Bridges
            [user_id] => 5
        )

    [2] => Array
        (
            [id] => 2
            [name] => Ruby necklace
            [user_id] => 5
        )

    [3] => Array
        (
            [id] => 5
            [name] => ruby ring
            [user_id] => 5
        )

)

[07-Nov-2025 16:30:15 UTC] Products fetched: Array
(
    [0] => Array
        (
            [product_id] => 4
            [product_cat] => 2
            [product_brand] => 3
            [product_title] => Dolor duis aut autem
            [product_price] => 534
            [product_desc] => Numquam eaque dolori
            [product_image] => uploads/products/product_1762455638.jpeg
            [product_keywords] => Qui quas consectetur
            [cat_name] => Ruby necklace
            [brand_name] => Gold
        )

    [1] => Array
        (
            [product_id] => 3
            [product_cat] => 3
            [product_brand] => 1
            [product_title] => Quisquam dolorem vol
            [product_price] => 504
            [product_desc] => Non esse laboris cu
            [product_image] => uploads/products/product_1762455622.jpeg
            [product_keywords] => Cillum mollitia offi
            [cat_name] => Patricia Bridges
            [brand_name] => Silver
        )

)

[07-Nov-2025 16:30:25 UTC] Products fetched: Array
(
    [0] => Array
        (
            [product_id] => 4
            [product_cat] => 2
            [product_brand] => 3
            [product_title] => Dolor duis aut autem
            [product_price] => 534
            [product_desc] => Numquam eaque dolori
            [product_image] => uploads/products/product_1762455638.jpeg
            [product_keywords] => Qui quas consectetur
            [cat_name] => Ruby necklace
            [brand_name] => Gold
        )

    [1] => Array
        (
            [product_id] => 3
            [product_cat] => 3
            [product_brand] => 1
            [product_title] => Quisquam dolorem vol
            [product_price] => 504
            [product_desc] => Non esse laboris cu
            [product_image] => uploads/products/product_1762455622.jpeg
            [product_keywords] => Cillum mollitia offi
            [cat_name] => Patricia Bridges
            [brand_name] => Silver
        )

)

[07-Nov-2025 16:30:25 UTC] Categories fetched: Array
(
    [0] => Array
        (
            [id] => 4
            [name] => butterfly necklace
            [user_id] => 5
        )

    [1] => Array
        (
            [id] => 3
            [name] => Patricia Bridges
            [user_id] => 5
        )

    [2] => Array
        (
            [id] => 2
            [name] => Ruby necklace
            [user_id] => 5
        )

    [3] => Array
        (
            [id] => 5
            [name] => ruby ring
            [user_id] => 5
        )

)

[07-Nov-2025 16:30:25 UTC] Products fetched: Array
(
    [0] => Array
        (
            [product_id] => 4
            [product_cat] => 2
            [product_brand] => 3
            [product_title] => Dolor duis aut autem
            [product_price] => 534
            [product_desc] => Numquam eaque dolori
            [product_image] => uploads/products/product_1762455638.jpeg
            [product_keywords] => Qui quas consectetur
            [cat_name] => Ruby necklace
            [brand_name] => Gold
        )

    [1] => Array
        (
            [product_id] => 3
            [product_cat] => 3
            [product_brand] => 1
            [product_title] => Quisquam dolorem vol
            [product_price] => 504
            [product_desc] => Non esse laboris cu
            [product_image] => uploads/products/product_1762455622.jpeg
            [product_keywords] => Cillum mollitia offi
            [cat_name] => Patricia Bridges
            [brand_name] => Silver
        )

)

[07-Nov-2025 16:32:48 UTC] Products fetched: Array
(
    [0] => Array
        (
            [product_id] => 4
            [product_cat] => 2
            [product_brand] => 3
            [product_title] => Dolor duis aut autem
            [product_price] => 534
            [product_desc] => Numquam eaque dolori
            [product_image] => uploads/products/product_1762455638.jpeg
            [product_keywords] => Qui quas consectetur
            [cat_name] => Ruby necklace
            [brand_name] => Gold
        )

    [1] => Array
        (
            [product_id] => 3
            [product_cat] => 3
            [product_brand] => 1
            [product_title] => Quisquam dolorem vol
            [product_price] => 504
            [product_desc] => Non esse laboris cu
            [product_image] => uploads/products/product_1762455622.jpeg
            [product_keywords] => Cillum mollitia offi
            [cat_name] => Patricia Bridges
            [brand_name] => Silver
        )

)

[07-Nov-2025 16:32:48 UTC] Categories fetched: Array
(
    [0] => Array
        (
            [id] => 4
            [name] => butterfly necklace
            [user_id] => 5
        )

    [1] => Array
        (
            [id] => 3
            [name] => Patricia Bridges
            [user_id] => 5
        )

    [2] => Array
        (
            [id] => 2
            [name] => Ruby necklace
            [user_id] => 5
        )

    [3] => Array
        (
            [id] => 5
            [name] => ruby ring
            [user_id] => 5
        )

)

[07-Nov-2025 16:32:49 UTC] Products fetched: Array
(
    [0] => Array
        (
            [product_id] => 4
            [product_cat] => 2
            [product_brand] => 3
            [product_title] => Dolor duis aut autem
            [product_price] => 534
            [product_desc] => Numquam eaque dolori
            [product_image] => uploads/products/product_1762455638.jpeg
            [product_keywords] => Qui quas consectetur
            [cat_name] => Ruby necklace
            [brand_name] => Gold
        )

    [1] => Array
        (
            [product_id] => 3
            [product_cat] => 3
            [product_brand] => 1
            [product_title] => Quisquam dolorem vol
            [product_price] => 504
            [product_desc] => Non esse laboris cu
            [product_image] => uploads/products/product_1762455622.jpeg
            [product_keywords] => Cillum mollitia offi
            [cat_name] => Patricia Bridges
            [brand_name] => Silver
        )

)

[07-Nov-2025 16:38:39 UTC] Products fetched: Array
(
    [0] => Array
        (
            [product_id] => 4
            [product_cat] => 2
            [product_brand] => 3
            [product_title] => Dolor duis aut autem
            [product_price] => 534
            [product_desc] => Numquam eaque dolori
            [product_image] => uploads/products/product_1762455638.jpeg
            [product_keywords] => Qui quas consectetur
            [cat_name] => Ruby necklace
            [brand_name] => Gold
        )

    [1] => Array
        (
            [product_id] => 3
            [product_cat] => 3
            [product_brand] => 1
            [product_title] => Quisquam dolorem vol
            [product_price] => 504
            [product_desc] => Non esse laboris cu
            [product_image] => uploads/products/product_1762455622.jpeg
            [product_keywords] => Cillum mollitia offi
            [cat_name] => Patricia Bridges
            [brand_name] => Silver
        )

)

[07-Nov-2025 16:38:39 UTC] Categories fetched: Array
(
    [0] => Array
        (
            [id] => 4
            [name] => butterfly necklace
            [user_id] => 5
        )

    [1] => Array
        (
            [id] => 3
            [name] => Patricia Bridges
            [user_id] => 5
        )

    [2] => Array
        (
            [id] => 2
            [name] => Ruby necklace
            [user_id] => 5
        )

    [3] => Array
        (
            [id] => 5
            [name] => ruby ring
            [user_id] => 5
        )

)

[07-Nov-2025 16:38:41 UTC] Products fetched: Array
(
    [0] => Array
        (
            [product_id] => 4
            [product_cat] => 2
            [product_brand] => 3
            [product_title] => Dolor duis aut autem
            [product_price] => 534
            [product_desc] => Numquam eaque dolori
            [product_image] => uploads/products/product_1762455638.jpeg
            [product_keywords] => Qui quas consectetur
            [cat_name] => Ruby necklace
            [brand_name] => Gold
        )

    [1] => Array
        (
            [product_id] => 3
            [product_cat] => 3
            [product_brand] => 1
            [product_title] => Quisquam dolorem vol
            [product_price] => 504
            [product_desc] => Non esse laboris cu
            [product_image] => uploads/products/product_1762455622.jpeg
            [product_keywords] => Cillum mollitia offi
            [cat_name] => Patricia Bridges
            [brand_name] => Silver
        )

)

[07-Nov-2025 16:39:27 UTC] Products fetched: Array
(
    [0] => Array
        (
            [product_id] => 4
            [product_cat] => 2
            [product_brand] => 3
            [product_title] => Dolor duis aut autem
            [product_price] => 534
            [product_desc] => Numquam eaque dolori
            [product_image] => uploads/products/product_1762455638.jpeg
            [product_keywords] => Qui quas consectetur
            [cat_name] => Ruby necklace
            [brand_name] => Gold
        )

    [1] => Array
        (
            [product_id] => 3
            [product_cat] => 3
            [product_brand] => 1
            [product_title] => Quisquam dolorem vol
            [product_price] => 504
            [product_desc] => Non esse laboris cu
            [product_image] => uploads/products/product_1762455622.jpeg
            [product_keywords] => Cillum mollitia offi
            [cat_name] => Patricia Bridges
            [brand_name] => Silver
        )

)

